<?xml version="1.0" encoding="UTF-8" ?>
<testsuite errors="0" failures="0" hostname="asger-36xsyv86r" name="javapar2.sets.StorageSetTest" tests="2" time="0.344" timestamp="2008-03-16T13:20:14">
  <properties>
[...]
</properties>
  <testcase classname="javapar2.sets.StorageSetTest" name="testReadItselfFromFiles" time="0.14" />
  <testcase classname="javapar2.sets.StorageSetTest" name="testReadValidatedSetFromFiles" time="0.172" />
  <system-out><![CDATA[]]></system-out>
  <system-err><![CDATA[]]></system-err>
</testsuite>
